Compilación iniciada a las 17/09/2014 10:06:47 p.m..
     1>Proyecto "C:\of_v0.8.0_vs_release\apps\myApps\MiniEngine\MiniEngine.vcxproj" en el nodo 2 (Build destinos).
     1>Link:
         MiniEngine.vcxproj -> C:\of_v0.8.0_vs_release\apps\myApps\MiniEngine\bin\MiniEngine_debug.exe
       PostBuildEvent:
         xcopy /e /i /y "C:\of_v0.8.0_vs_release\apps\myApps\MiniEngine\..\..\..\export\vs\*.dll" "C:\of_v0.8.0_vs_release\apps\myApps\MiniEngine\bin"
         :VCEnd
         C:\of_v0.8.0_vs_release\apps\myApps\MiniEngine\..\..\..\export\vs\Assimp32.dll
         C:\of_v0.8.0_vs_release\apps\myApps\MiniEngine\..\..\..\export\vs\fmodex.dll
         C:\of_v0.8.0_vs_release\apps\myApps\MiniEngine\..\..\..\export\vs\fmodexL.dll
         C:\of_v0.8.0_vs_release\apps\myApps\MiniEngine\..\..\..\export\vs\FreeImage.dll
         C:\of_v0.8.0_vs_release\apps\myApps\MiniEngine\..\..\..\export\vs\FreeType-6.dll
         C:\of_v0.8.0_vs_release\apps\myApps\MiniEngine\..\..\..\export\vs\glut32.dll
         C:\of_v0.8.0_vs_release\apps\myApps\MiniEngine\..\..\..\export\vs\libeay32.dll
         C:\of_v0.8.0_vs_release\apps\myApps\MiniEngine\..\..\..\export\vs\ssleay32.dll
         C:\of_v0.8.0_vs_release\apps\myApps\MiniEngine\..\..\..\export\vs\Zlib.dll
         9 archivo(s) copiado(s)
     1>Compilación del proyecto terminada "C:\of_v0.8.0_vs_release\apps\myApps\MiniEngine\MiniEngine.vcxproj" (Build destinos).

Compilación correcta.

Tiempo transcurrido 00:00:01.23
